[debug] [2021-10-17T21:35:54.970Z] ----------------------------------------------------------------------
[debug] [2021-10-17T21:35:54.972Z] Command:       C:\Program Files\nodejs\node.exe C:\Users\Crist\AppData\Roaming\npm\node_modules\firebase-tools\lib\bin\firebase.js init
[debug] [2021-10-17T21:35:54.972Z] CLI Version:   9.20.0
[debug] [2021-10-17T21:35:54.972Z] Platform:      win32
[debug] [2021-10-17T21:35:54.972Z] Node Version:  v14.18.0
[debug] [2021-10-17T21:35:54.973Z] Time:          Sun Oct 17 2021 18:35:54 GMT-0300 (Horário Padrão de Brasília)
[debug] [2021-10-17T21:35:54.973Z] ----------------------------------------------------------------------
[debug] 
[debug] [2021-10-17T21:35:54.978Z] > command requires scopes: ["email","openid","https://www.googleapis.com/auth/cloudplatformprojects.readonly","https://www.googleapis.com/auth/firebase","https://www.googleapis.com/auth/cloud-platform"]
[debug] [2021-10-17T21:35:54.979Z] > authorizing via signed-in user (cristhianfelipe0@gmail.com)
[info] 
     ######## #### ########  ######## ########     ###     ######  ########
     ##        ##  ##     ## ##       ##     ##  ##   ##  ##       ##
     ######    ##  ########  ######   ########  #########  ######  ######
     ##        ##  ##    ##  ##       ##     ## ##     ##       ## ##
     ##       #### ##     ## ######## ########  ##     ##  ######  ########

You're about to initialize a Firebase project in this directory:

  D:\Developer\NG\search-address

[info] 
=== Project Setup
[info] 
[info] First, let's associate this project directory with a Firebase project.
[info] You can create multiple project aliases by running firebase use --add, 
[info] but for now we'll just set up a default project.
[info] 
[debug] [2021-10-17T21:36:31.341Z] >>> [apiv2][query] GET https://firebase.googleapis.com/v1beta1/projects pageSize=100
[debug] [2021-10-17T21:36:32.600Z] <<< [apiv2][status] GET https://firebase.googleapis.com/v1beta1/projects 200
[debug] [2021-10-17T21:36:32.600Z] <<< [apiv2][body] GET https://firebase.googleapis.com/v1beta1/projects [omitted]
[info] i  Using project primeiro-projeto-e2110 (primeiro-projeto) 
[info] 
=== Hosting:github Setup
[info] 
[info] i  Detected a .git folder at D:\Developer\NG\search-address 
[info] i  Authorizing with GitHub to upload your service account to a GitHub repository's secrets store. 
[info] 
[info] Visit this URL on this device to log in:
[info] https://github.com/login/oauth/authorize?client_id=89cf50f02ac6aaed3484&state=971095508&redirect_uri=http%3A%2F%2Flocalhost%3A9005&scope=read%3Auser%20repo%20public_repo
[info] 
[info] Waiting for authentication...
[debug] [2021-10-17T21:37:19.686Z] >>> HTTP REQUEST POST https://github.com/login/oauth/access_token  
 {"client_id":"89cf50f02ac6aaed3484","client_secret":"3330d14abc895d9a74d5f17cd7a00711fa2c5bf0","code":"f0814d18fec852f42205","redirect_uri":"http://localhost:9005","state":"971095508"}
[debug] [2021-10-17T21:37:19.948Z] <<< HTTP RESPONSE 200 {"server":"GitHub.com","date":"Sun, 17 Oct 2021 21:36:29 GMT","content-type":"application/json; charset=utf-8","transfer-encoding":"chunked","vary":"X-PJAX, X-PJAX-Container, Accept-Encoding, Accept, X-Requested-With","permissions-policy":"interest-cohort=()","etag":"W/\"975cf106d22b83a50b829aca539d95c6\"","cache-control":"max-age=0, private, must-revalidate","strict-transport-security":"max-age=31536000; includeSubdomains; preload","x-frame-options":"deny","x-content-type-options":"nosniff","x-xss-protection":"0","referrer-policy":"origin-when-cross-origin, strict-origin-when-cross-origin","expect-ct":"max-age=2592000, report-uri=\"https://api.github.com/_private/browser/errors\"","content-security-policy":"default-src 'none'; base-uri 'self'; block-all-mixed-content; child-src github.com/assets-cdn/worker/ gist.github.com/assets-cdn/worker/; connect-src 'self' uploads.github.com objects-origin.githubusercontent.com www.githubstatus.com collector.githubapp.com api.github.com github-cloud.s3.amazonaws.com github-production-repository-file-5c1aeb.s3.amazonaws.com github-production-upload-manifest-file-7fdce7.s3.amazonaws.com github-production-user-asset-6210df.s3.amazonaws.com cdn.optimizely.com logx.optimizely.com/v1/events translator.github.com wss://alive.github.com; font-src github.githubassets.com; form-action 'self' github.com gist.github.com objects-origin.githubusercontent.com; frame-ancestors 'none'; frame-src render.githubusercontent.com viewscreen.githubusercontent.com; img-src 'self' data: github.githubassets.com identicons.github.com collector.githubapp.com github-cloud.s3.amazonaws.com secured-user-images.githubusercontent.com/ *.githubusercontent.com; manifest-src 'self'; media-src github.com user-images.githubusercontent.com/; script-src github.githubassets.com; style-src 'unsafe-inline' github.githubassets.com; worker-src github.com/assets-cdn/worker/ gist.github.com/assets-cdn/worker/","x-github-request-id":"EBE0:4E48:51CA14:672D47:616C975D"}
[debug] [2021-10-17T21:37:19.950Z] >>> [apiv2][query] GET https://api.github.com/user [none]
[debug] [2021-10-17T21:37:20.246Z] <<< [apiv2][status] GET https://api.github.com/user 200
[debug] [2021-10-17T21:37:20.246Z] <<< [apiv2][body] GET https://api.github.com/user {"login":"CristhianFSantos","id":70783719,"node_id":"MDQ6VXNlcjcwNzgzNzE5","avatar_url":"https://avatars.githubusercontent.com/u/70783719?v=4","gravatar_id":"","url":"https://api.github.com/users/CristhianFSantos","html_url":"https://github.com/CristhianFSantos","followers_url":"https://api.github.com/users/CristhianFSantos/followers","following_url":"https://api.github.com/users/CristhianFSantos/following{/other_user}","gists_url":"https://api.github.com/users/CristhianFSantos/gists{/gist_id}","starred_url":"https://api.github.com/users/CristhianFSantos/starred{/owner}{/repo}","subscriptions_url":"https://api.github.com/users/CristhianFSantos/subscriptions","organizations_url":"https://api.github.com/users/CristhianFSantos/orgs","repos_url":"https://api.github.com/users/CristhianFSantos/repos","events_url":"https://api.github.com/users/CristhianFSantos/events{/privacy}","received_events_url":"https://api.github.com/users/CristhianFSantos/received_events","type":"User","site_admin":false,"name":"Cristhian Santos","company":"Arquivar - Gestão Inteligente de Documentos e Processos","blog":"https://www.instagram.com/dev.brasil/","location":"Minas Gerais, Brasil","email":null,"hireable":null,"bio":"Estudante de Sistemas de Informação e apaixonado por tecnologia.","twitter_username":null,"public_repos":25,"public_gists":0,"followers":8,"following":23,"created_at":"2020-09-05T00:40:13Z","updated_at":"2021-10-05T16:45:02Z","private_gists":0,"total_private_repos":1,"owned_private_repos":1,"disk_usage":48132,"collaborators":0,"two_factor_authentication":false,"plan":{"name":"free","space":976562499,"collaborators":0,"private_repos":10000}}
[info] 
[info] +  Success! Logged into GitHub as CristhianFSantos 
[info] 
[debug] [2021-10-17T21:37:37.036Z] ----------------------------------------------------------------------
[debug] [2021-10-17T21:37:37.038Z] Command:       C:\Program Files\nodejs\node.exe C:\Users\Crist\AppData\Roaming\npm\node_modules\firebase-tools\lib\bin\firebase.js init
[debug] [2021-10-17T21:37:37.039Z] CLI Version:   9.20.0
[debug] [2021-10-17T21:37:37.039Z] Platform:      win32
[debug] [2021-10-17T21:37:37.039Z] Node Version:  v14.18.0
[debug] [2021-10-17T21:37:37.039Z] Time:          Sun Oct 17 2021 18:37:37 GMT-0300 (Horário Padrão de Brasília)
[debug] [2021-10-17T21:37:37.039Z] ----------------------------------------------------------------------
[debug] 
[debug] [2021-10-17T21:37:37.044Z] > command requires scopes: ["email","openid","https://www.googleapis.com/auth/cloudplatformprojects.readonly","https://www.googleapis.com/auth/firebase","https://www.googleapis.com/auth/cloud-platform"]
[debug] [2021-10-17T21:37:37.044Z] > authorizing via signed-in user (cristhianfelipe0@gmail.com)
[info] 
     ######## #### ########  ######## ########     ###     ######  ########
     ##        ##  ##     ## ##       ##     ##  ##   ##  ##       ##
     ######    ##  ########  ######   ########  #########  ######  ######
     ##        ##  ##    ##  ##       ##     ## ##     ##       ## ##
     ##       #### ##     ## ######## ########  ##     ##  ######  ########

You're about to initialize a Firebase project in this directory:

  D:\Developer\NG\search-address

[info] 
=== Project Setup
[info] 
[info] First, let's associate this project directory with a Firebase project.
[info] You can create multiple project aliases by running firebase use --add, 
[info] but for now we'll just set up a default project.
[info] 
[debug] [2021-10-17T21:38:13.916Z] >>> [apiv2][query] GET https://firebase.googleapis.com/v1beta1/projects pageSize=100
[debug] [2021-10-17T21:38:15.181Z] <<< [apiv2][status] GET https://firebase.googleapis.com/v1beta1/projects 200
[debug] [2021-10-17T21:38:15.181Z] <<< [apiv2][body] GET https://firebase.googleapis.com/v1beta1/projects [omitted]
[info] i  Using project primeiro-projeto-e2110 (primeiro-projeto) 
[info] 
=== Hosting:github Setup
[info] 
[info] i  Detected a .git folder at D:\Developer\NG\search-address 
[info] i  Authorizing with GitHub to upload your service account to a GitHub repository's secrets store. 
[info] 
[info] Visit this URL on this device to log in:
[info] https://github.com/login/oauth/authorize?client_id=89cf50f02ac6aaed3484&state=920220904&redirect_uri=http%3A%2F%2Flocalhost%3A9005&scope=read%3Auser%20repo%20public_repo
[info] 
[info] Waiting for authentication...
[debug] [2021-10-17T21:38:35.353Z] >>> HTTP REQUEST POST https://github.com/login/oauth/access_token  
 {"client_id":"89cf50f02ac6aaed3484","client_secret":"3330d14abc895d9a74d5f17cd7a00711fa2c5bf0","code":"136c7489ecd772a5fc9f","redirect_uri":"http://localhost:9005","state":"920220904"}
[debug] [2021-10-17T21:38:35.597Z] <<< HTTP RESPONSE 200 {"server":"GitHub.com","date":"Sun, 17 Oct 2021 21:37:45 GMT","content-type":"application/json; charset=utf-8","transfer-encoding":"chunked","vary":"X-PJAX, X-PJAX-Container, Accept-Encoding, Accept, X-Requested-With","permissions-policy":"interest-cohort=()","etag":"W/\"bdd80c94503bd31922f0b7324e59fd32\"","cache-control":"max-age=0, private, must-revalidate","strict-transport-security":"max-age=31536000; includeSubdomains; preload","x-frame-options":"deny","x-content-type-options":"nosniff","x-xss-protection":"0","referrer-policy":"origin-when-cross-origin, strict-origin-when-cross-origin","expect-ct":"max-age=2592000, report-uri=\"https://api.github.com/_private/browser/errors\"","content-security-policy":"default-src 'none'; base-uri 'self'; block-all-mixed-content; child-src github.com/assets-cdn/worker/ gist.github.com/assets-cdn/worker/; connect-src 'self' uploads.github.com objects-origin.githubusercontent.com www.githubstatus.com collector.githubapp.com api.github.com github-cloud.s3.amazonaws.com github-production-repository-file-5c1aeb.s3.amazonaws.com github-production-upload-manifest-file-7fdce7.s3.amazonaws.com github-production-user-asset-6210df.s3.amazonaws.com cdn.optimizely.com logx.optimizely.com/v1/events translator.github.com wss://alive.github.com; font-src github.githubassets.com; form-action 'self' github.com gist.github.com objects-origin.githubusercontent.com; frame-ancestors 'none'; frame-src render.githubusercontent.com viewscreen.githubusercontent.com; img-src 'self' data: github.githubassets.com identicons.github.com collector.githubapp.com github-cloud.s3.amazonaws.com secured-user-images.githubusercontent.com/ *.githubusercontent.com; manifest-src 'self'; media-src github.com user-images.githubusercontent.com/; script-src github.githubassets.com; style-src 'unsafe-inline' github.githubassets.com; worker-src github.com/assets-cdn/worker/ gist.github.com/assets-cdn/worker/","x-github-request-id":"E73D:7B22:80C55:1D236B:616C97A8"}
[debug] [2021-10-17T21:38:35.599Z] >>> [apiv2][query] GET https://api.github.com/user [none]
[debug] [2021-10-17T21:38:35.861Z] <<< [apiv2][status] GET https://api.github.com/user 200
[debug] [2021-10-17T21:38:35.861Z] <<< [apiv2][body] GET https://api.github.com/user {"login":"CristhianFSantos","id":70783719,"node_id":"MDQ6VXNlcjcwNzgzNzE5","avatar_url":"https://avatars.githubusercontent.com/u/70783719?v=4","gravatar_id":"","url":"https://api.github.com/users/CristhianFSantos","html_url":"https://github.com/CristhianFSantos","followers_url":"https://api.github.com/users/CristhianFSantos/followers","following_url":"https://api.github.com/users/CristhianFSantos/following{/other_user}","gists_url":"https://api.github.com/users/CristhianFSantos/gists{/gist_id}","starred_url":"https://api.github.com/users/CristhianFSantos/starred{/owner}{/repo}","subscriptions_url":"https://api.github.com/users/CristhianFSantos/subscriptions","organizations_url":"https://api.github.com/users/CristhianFSantos/orgs","repos_url":"https://api.github.com/users/CristhianFSantos/repos","events_url":"https://api.github.com/users/CristhianFSantos/events{/privacy}","received_events_url":"https://api.github.com/users/CristhianFSantos/received_events","type":"User","site_admin":false,"name":"Cristhian Santos","company":"Arquivar - Gestão Inteligente de Documentos e Processos","blog":"https://www.instagram.com/dev.brasil/","location":"Minas Gerais, Brasil","email":null,"hireable":null,"bio":"Estudante de Sistemas de Informação e apaixonado por tecnologia.","twitter_username":null,"public_repos":25,"public_gists":0,"followers":8,"following":23,"created_at":"2020-09-05T00:40:13Z","updated_at":"2021-10-05T16:45:02Z","private_gists":0,"total_private_repos":1,"owned_private_repos":1,"disk_usage":48132,"collaborators":0,"two_factor_authentication":false,"plan":{"name":"free","space":976562499,"collaborators":0,"private_repos":10000}}
[info] 
[info] +  Success! Logged into GitHub as CristhianFSantos 
[info] 
